<?xml version="1.0" encoding="UTF-8"?>
<!-- Generated by org.testng.reporters.JUnitXMLReporter -->
<testsuite hostname="DESKTOP-K2BH480" ignored="0" name="Default test" tests="10" failures="1" timestamp="2021-08-05T23:52:02 IST" time="73.619" errors="0">
  <testcase name="selectFlight" time="3.21" classname="com.FlightBookingSystem.BookFlightTicketTestScriptNegative"/>
  <testcase name="selectDate" time="0.773" classname="com.FlightBookingSystem.BookFlightTicketTestScriptNegative">
    <failure type="java.lang.AssertionError" message="The following asserts failed:
	Previous date is disabled for end date expected [true] but found [false]">
      <![CDATA[java.lang.AssertionError: The following asserts failed:
Previous date is disabled for end date expected [true] but found [false]
at org.testng.asserts.SoftAssert.assertAll(SoftAssert.java:47)
at org.testng.asserts.SoftAssert.assertAll(SoftAssert.java:31)
at com.FlightBookingSystem.BookFlightTicketTestScriptNegative.selectDate(BookFlightTicketTestScriptNegative.java:113)
at sun.reflect.NativeMethodAccessorImpl.invoke0(Native Method)
at sun.reflect.NativeMethodAccessorImpl.invoke(NativeMethodAccessorImpl.java:62)
at sun.reflect.DelegatingMethodAccessorImpl.invoke(DelegatingMethodAccessorImpl.java:43)
at java.lang.reflect.Method.invoke(Method.java:498)
at org.testng.internal.MethodInvocationHelper.invokeMethod(MethodInvocationHelper.java:133)
at org.testng.internal.TestInvoker.invokeMethod(TestInvoker.java:584)
at org.testng.internal.TestInvoker.invokeTestMethod(TestInvoker.java:172)
at org.testng.internal.MethodRunner.runInSequence(MethodRunner.java:46)
at org.testng.internal.TestInvoker$MethodInvocationAgent.invoke(TestInvoker.java:804)
at org.testng.internal.TestInvoker.invokeTestMethods(TestInvoker.java:145)
at org.testng.internal.TestMethodWorker.invokeTestMethods(TestMethodWorker.java:146)
at org.testng.internal.TestMethodWorker.run(TestMethodWorker.java:128)
at java.util.ArrayList.forEach(ArrayList.java:1257)
at org.testng.TestRunner.privateRun(TestRunner.java:770)
at org.testng.TestRunner.run(TestRunner.java:591)
at org.testng.SuiteRunner.runTest(SuiteRunner.java:402)
at org.testng.SuiteRunner.runSequentially(SuiteRunner.java:396)
at org.testng.SuiteRunner.privateRun(SuiteRunner.java:355)
at org.testng.SuiteRunner.run(SuiteRunner.java:304)
at org.testng.SuiteRunnerWorker.runSuite(SuiteRunnerWorker.java:53)
at org.testng.SuiteRunnerWorker.run(SuiteRunnerWorker.java:96)
at org.testng.TestNG.runSuitesSequentially(TestNG.java:1180)
at org.testng.TestNG.runSuitesLocally(TestNG.java:1102)
at org.testng.TestNG.runSuites(TestNG.java:1032)
at org.testng.TestNG.run(TestNG.java:1000)
at org.testng.remote.AbstractRemoteTestNG.run(AbstractRemoteTestNG.java:115)
at org.testng.remote.RemoteTestNG.initAndRun(RemoteTestNG.java:251)
at org.testng.remote.RemoteTestNG.main(RemoteTestNG.java:77)
]]>
    </failure>
  </testcase> <!-- selectDate -->
  <testcase name="selectTravellerAndClass" time="0.002" classname="com.FlightBookingSystem.BookFlightTicketTestScriptNegative">
    <skipped/>
  </testcase> <!-- selectTravellerAndClass -->
  <testcase name="validatesearchResult" time="0.002" classname="com.FlightBookingSystem.BookFlightTicketTestScriptNegative">
    <skipped/>
  </testcase> <!-- validatesearchResult -->
  <testcase name="selectFlight" time="3.062" classname="com.FlightBookingSystem.BookFlightTicketScript"/>
  <testcase name="selectDate" time="0.828" classname="com.FlightBookingSystem.BookFlightTicketScript"/>
  <testcase name="selectTravellerAndClass" time="1.567" classname="com.FlightBookingSystem.BookFlightTicketScript"/>
  <testcase name="validatesearchResult" time="31.245" classname="com.FlightBookingSystem.BookFlightTicketScript"/>
  <testcase name="setPriceAndAirlineinExcel" time="5.332" classname="com.FlightBookingSystem.BookFlightTicketScript"/>
  <testcase name="moveSlider" time="2.858" classname="com.FlightBookingSystem.BookFlightTicketScript"/>
</testsuite> <!-- Default test -->
