<?xml version="1.0" encoding="UTF-8"?>
<testng-results skipped="2" failed="1" ignored="0" total="10" passed="7">
  <reporter-output>
  </reporter-output>
  <suite name="Default suite" duration-ms="73619" started-at="2021-08-05T23:50:48 IST" finished-at="2021-08-05T23:52:02 IST">
    <groups>
    </groups>
    <test name="Default test" duration-ms="73619" started-at="2021-08-05T23:50:48 IST" finished-at="2021-08-05T23:52:02 IST">
      <class name="com.FlightBookingSystem.BookFlightTicketTestScriptNegative">
        <test-method status="PASS" signature="launchBrowserTest()[pri:0, instance:com.FlightBookingSystem.BookFlightTicketTestScriptNegative@76f2b07d]" name="launchBrowserTest" is-config="true" duration-ms="11678" started-at="2021-08-05T23:50:48 IST" finished-at="2021-08-05T23:51:00 IST">
          <reporter-output>
          </reporter-output>
        </test-method> <!-- launchBrowserTest -->
        <test-method status="PASS" signature="selectFlight()[pri:1, instance:com.FlightBookingSystem.BookFlightTicketTestScriptNegative@76f2b07d]" name="selectFlight" duration-ms="3210" started-at="2021-08-05T23:51:00 IST" finished-at="2021-08-05T23:51:03 IST">
          <reporter-output>
          </reporter-output>
        </test-method> <!-- selectFlight -->
        <test-method status="PASS" signature="getResult(org.testng.ITestResult)[pri:0, instance:com.FlightBookingSystem.BookFlightTicketTestScriptNegative@76f2b07d]" name="getResult" is-config="true" duration-ms="2" started-at="2021-08-05T23:51:03 IST" finished-at="2021-08-05T23:51:03 IST">
          <params>
            <param index="0">
              <value>
                <![CDATA[[TestResult name=selectFlight status=SUCCESS method=BookFlightTicketTestScriptNegative.selectFlight()[pri:1, instance:com.FlightBookingSystem.BookFlightTicketTestScriptNegative@76f2b07d] output={null}]]]>
              </value>
            </param>
          </params>
          <reporter-output>
          </reporter-output>
        </test-method> <!-- getResult -->
        <test-method status="FAIL" signature="selectDate()[pri:2, instance:com.FlightBookingSystem.BookFlightTicketTestScriptNegative@76f2b07d]" name="selectDate" duration-ms="773" started-at="2021-08-05T23:51:03 IST" finished-at="2021-08-05T23:51:04 IST">
          <exception class="java.lang.AssertionError">
            <message>
              <![CDATA[The following asserts failed:
Previous date is disabled for end date expected [true] but found [false]]]>
            </message>
            <full-stacktrace>
              <![CDATA[java.lang.AssertionError: The following asserts failed:
Previous date is disabled for end date expected [true] but found [false]
at org.testng.asserts.SoftAssert.assertAll(SoftAssert.java:47)
at org.testng.asserts.SoftAssert.assertAll(SoftAssert.java:31)
at com.FlightBookingSystem.BookFlightTicketTestScriptNegative.selectDate(BookFlightTicketTestScriptNegative.java:113)
at sun.reflect.NativeMethodAccessorImpl.invoke0(Native Method)
at sun.reflect.NativeMethodAccessorImpl.invoke(NativeMethodAccessorImpl.java:62)
at sun.reflect.DelegatingMethodAccessorImpl.invoke(DelegatingMethodAccessorImpl.java:43)
at java.lang.reflect.Method.invoke(Method.java:498)
at org.testng.internal.MethodInvocationHelper.invokeMethod(MethodInvocationHelper.java:133)
at org.testng.internal.TestInvoker.invokeMethod(TestInvoker.java:584)
at org.testng.internal.TestInvoker.invokeTestMethod(TestInvoker.java:172)
at org.testng.internal.MethodRunner.runInSequence(MethodRunner.java:46)
at org.testng.internal.TestInvoker$MethodInvocationAgent.invoke(TestInvoker.java:804)
at org.testng.internal.TestInvoker.invokeTestMethods(TestInvoker.java:145)
at org.testng.internal.TestMethodWorker.invokeTestMethods(TestMethodWorker.java:146)
at org.testng.internal.TestMethodWorker.run(TestMethodWorker.java:128)
at java.util.ArrayList.forEach(ArrayList.java:1257)
at org.testng.TestRunner.privateRun(TestRunner.java:770)
at org.testng.TestRunner.run(TestRunner.java:591)
at org.testng.SuiteRunner.runTest(SuiteRunner.java:402)
at org.testng.SuiteRunner.runSequentially(SuiteRunner.java:396)
at org.testng.SuiteRunner.privateRun(SuiteRunner.java:355)
at org.testng.SuiteRunner.run(SuiteRunner.java:304)
at org.testng.SuiteRunnerWorker.runSuite(SuiteRunnerWorker.java:53)
at org.testng.SuiteRunnerWorker.run(SuiteRunnerWorker.java:96)
at org.testng.TestNG.runSuitesSequentially(TestNG.java:1180)
at org.testng.TestNG.runSuitesLocally(TestNG.java:1102)
at org.testng.TestNG.runSuites(TestNG.java:1032)
at org.testng.TestNG.run(TestNG.java:1000)
at org.testng.remote.AbstractRemoteTestNG.run(AbstractRemoteTestNG.java:115)
at org.testng.remote.RemoteTestNG.initAndRun(RemoteTestNG.java:251)
at org.testng.remote.RemoteTestNG.main(RemoteTestNG.java:77)
]]>
            </full-stacktrace>
          </exception> <!-- java.lang.AssertionError -->
          <reporter-output>
          </reporter-output>
        </test-method> <!-- selectDate -->
        <test-method status="PASS" signature="getResult(org.testng.ITestResult)[pri:0, instance:com.FlightBookingSystem.BookFlightTicketTestScriptNegative@76f2b07d]" name="getResult" is-config="true" duration-ms="1" started-at="2021-08-05T23:51:04 IST" finished-at="2021-08-05T23:51:04 IST">
          <params>
            <param index="0">
              <value>
                <![CDATA[[TestResult name=selectDate status=FAILURE method=BookFlightTicketTestScriptNegative.selectDate()[pri:2, instance:com.FlightBookingSystem.BookFlightTicketTestScriptNegative@76f2b07d] output={null}]]]>
              </value>
            </param>
          </params>
          <reporter-output>
          </reporter-output>
        </test-method> <!-- getResult -->
        <test-method status="SKIP" signature="selectTravellerAndClass()[pri:3, instance:com.FlightBookingSystem.BookFlightTicketTestScriptNegative@76f2b07d]" name="selectTravellerAndClass" duration-ms="2" started-at="2021-08-05T23:51:04 IST" finished-at="2021-08-05T23:51:04 IST">
          <exception class="org.testng.SkipException">
            <message>
              <![CDATA[Skipping because selectDate failed]]>
            </message>
            <full-stacktrace>
              <![CDATA[org.testng.SkipException: Skipping because selectDate failed
at com.FlightBookingSystem.BookFlightTicketTestScriptNegative.selectTravellerAndClass(BookFlightTicketTestScriptNegative.java:121)
at sun.reflect.NativeMethodAccessorImpl.invoke0(Native Method)
at sun.reflect.NativeMethodAccessorImpl.invoke(NativeMethodAccessorImpl.java:62)
at sun.reflect.DelegatingMethodAccessorImpl.invoke(DelegatingMethodAccessorImpl.java:43)
at java.lang.reflect.Method.invoke(Method.java:498)
at org.testng.internal.MethodInvocationHelper.invokeMethod(MethodInvocationHelper.java:133)
at org.testng.internal.TestInvoker.invokeMethod(TestInvoker.java:584)
at org.testng.internal.TestInvoker.invokeTestMethod(TestInvoker.java:172)
at org.testng.internal.MethodRunner.runInSequence(MethodRunner.java:46)
at org.testng.internal.TestInvoker$MethodInvocationAgent.invoke(TestInvoker.java:804)
at org.testng.internal.TestInvoker.invokeTestMethods(TestInvoker.java:145)
at org.testng.internal.TestMethodWorker.invokeTestMethods(TestMethodWorker.java:146)
at org.testng.internal.TestMethodWorker.run(TestMethodWorker.java:128)
at java.util.ArrayList.forEach(ArrayList.java:1257)
at org.testng.TestRunner.privateRun(TestRunner.java:770)
at org.testng.TestRunner.run(TestRunner.java:591)
at org.testng.SuiteRunner.runTest(SuiteRunner.java:402)
at org.testng.SuiteRunner.runSequentially(SuiteRunner.java:396)
at org.testng.SuiteRunner.privateRun(SuiteRunner.java:355)
at org.testng.SuiteRunner.run(SuiteRunner.java:304)
at org.testng.SuiteRunnerWorker.runSuite(SuiteRunnerWorker.java:53)
at org.testng.SuiteRunnerWorker.run(SuiteRunnerWorker.java:96)
at org.testng.TestNG.runSuitesSequentially(TestNG.java:1180)
at org.testng.TestNG.runSuitesLocally(TestNG.java:1102)
at org.testng.TestNG.runSuites(TestNG.java:1032)
at org.testng.TestNG.run(TestNG.java:1000)
at org.testng.remote.AbstractRemoteTestNG.run(AbstractRemoteTestNG.java:115)
at org.testng.remote.RemoteTestNG.initAndRun(RemoteTestNG.java:251)
at org.testng.remote.RemoteTestNG.main(RemoteTestNG.java:77)
]]>
            </full-stacktrace>
          </exception> <!-- org.testng.SkipException -->
          <reporter-output>
          </reporter-output>
        </test-method> <!-- selectTravellerAndClass -->
        <test-method status="PASS" signature="getResult(org.testng.ITestResult)[pri:0, instance:com.FlightBookingSystem.BookFlightTicketTestScriptNegative@76f2b07d]" name="getResult" is-config="true" duration-ms="0" started-at="2021-08-05T23:51:04 IST" finished-at="2021-08-05T23:51:04 IST">
          <params>
            <param index="0">
              <value>
                <![CDATA[[TestResult name=selectTravellerAndClass status=SKIP method=BookFlightTicketTestScriptNegative.selectTravellerAndClass()[pri:3, instance:com.FlightBookingSystem.BookFlightTicketTestScriptNegative@76f2b07d] output={null}]]]>
              </value>
            </param>
          </params>
          <reporter-output>
          </reporter-output>
        </test-method> <!-- getResult -->
        <test-method status="SKIP" signature="validatesearchResult()[pri:4, instance:com.FlightBookingSystem.BookFlightTicketTestScriptNegative@76f2b07d]" name="validatesearchResult" duration-ms="2" started-at="2021-08-05T23:51:04 IST" finished-at="2021-08-05T23:51:04 IST">
          <exception class="org.testng.SkipException">
            <message>
              <![CDATA[Skipping because selectDate failed]]>
            </message>
            <full-stacktrace>
              <![CDATA[org.testng.SkipException: Skipping because selectDate failed
at com.FlightBookingSystem.BookFlightTicketTestScriptNegative.validatesearchResult(BookFlightTicketTestScriptNegative.java:145)
at sun.reflect.NativeMethodAccessorImpl.invoke0(Native Method)
at sun.reflect.NativeMethodAccessorImpl.invoke(NativeMethodAccessorImpl.java:62)
at sun.reflect.DelegatingMethodAccessorImpl.invoke(DelegatingMethodAccessorImpl.java:43)
at java.lang.reflect.Method.invoke(Method.java:498)
at org.testng.internal.MethodInvocationHelper.invokeMethod(MethodInvocationHelper.java:133)
at org.testng.internal.TestInvoker.invokeMethod(TestInvoker.java:584)
at org.testng.internal.TestInvoker.invokeTestMethod(TestInvoker.java:172)
at org.testng.internal.MethodRunner.runInSequence(MethodRunner.java:46)
at org.testng.internal.TestInvoker$MethodInvocationAgent.invoke(TestInvoker.java:804)
at org.testng.internal.TestInvoker.invokeTestMethods(TestInvoker.java:145)
at org.testng.internal.TestMethodWorker.invokeTestMethods(TestMethodWorker.java:146)
at org.testng.internal.TestMethodWorker.run(TestMethodWorker.java:128)
at java.util.ArrayList.forEach(ArrayList.java:1257)
at org.testng.TestRunner.privateRun(TestRunner.java:770)
at org.testng.TestRunner.run(TestRunner.java:591)
at org.testng.SuiteRunner.runTest(SuiteRunner.java:402)
at org.testng.SuiteRunner.runSequentially(SuiteRunner.java:396)
at org.testng.SuiteRunner.privateRun(SuiteRunner.java:355)
at org.testng.SuiteRunner.run(SuiteRunner.java:304)
at org.testng.SuiteRunnerWorker.runSuite(SuiteRunnerWorker.java:53)
at org.testng.SuiteRunnerWorker.run(SuiteRunnerWorker.java:96)
at org.testng.TestNG.runSuitesSequentially(TestNG.java:1180)
at org.testng.TestNG.runSuitesLocally(TestNG.java:1102)
at org.testng.TestNG.runSuites(TestNG.java:1032)
at org.testng.TestNG.run(TestNG.java:1000)
at org.testng.remote.AbstractRemoteTestNG.run(AbstractRemoteTestNG.java:115)
at org.testng.remote.RemoteTestNG.initAndRun(RemoteTestNG.java:251)
at org.testng.remote.RemoteTestNG.main(RemoteTestNG.java:77)
]]>
            </full-stacktrace>
          </exception> <!-- org.testng.SkipException -->
          <reporter-output>
          </reporter-output>
        </test-method> <!-- validatesearchResult -->
        <test-method status="PASS" signature="getResult(org.testng.ITestResult)[pri:0, instance:com.FlightBookingSystem.BookFlightTicketTestScriptNegative@76f2b07d]" name="getResult" is-config="true" duration-ms="0" started-at="2021-08-05T23:51:04 IST" finished-at="2021-08-05T23:51:04 IST">
          <params>
            <param index="0">
              <value>
                <![CDATA[[TestResult name=validatesearchResult status=SKIP method=BookFlightTicketTestScriptNegative.validatesearchResult()[pri:4, instance:com.FlightBookingSystem.BookFlightTicketTestScriptNegative@76f2b07d] output={null}]]]>
              </value>
            </param>
          </params>
          <reporter-output>
          </reporter-output>
        </test-method> <!-- getResult -->
      </class> <!-- com.FlightBookingSystem.BookFlightTicketTestScriptNegative -->
      <class name="com.FlightBookingSystem.BookFlightTicketScript">
        <test-method status="PASS" signature="launchBrowserTest()[pri:0, instance:com.FlightBookingSystem.BookFlightTicketScript@704a52ec]" name="launchBrowserTest" is-config="true" duration-ms="12712" started-at="2021-08-05T23:51:04 IST" finished-at="2021-08-05T23:51:17 IST">
          <reporter-output>
          </reporter-output>
        </test-method> <!-- launchBrowserTest -->
        <test-method status="PASS" signature="selectFlight()[pri:1, instance:com.FlightBookingSystem.BookFlightTicketScript@704a52ec]" name="selectFlight" duration-ms="3062" started-at="2021-08-05T23:51:17 IST" finished-at="2021-08-05T23:51:20 IST">
          <reporter-output>
          </reporter-output>
        </test-method> <!-- selectFlight -->
        <test-method status="PASS" signature="selectDate()[pri:2, instance:com.FlightBookingSystem.BookFlightTicketScript@704a52ec]" name="selectDate" duration-ms="828" started-at="2021-08-05T23:51:20 IST" finished-at="2021-08-05T23:51:21 IST">
          <reporter-output>
          </reporter-output>
        </test-method> <!-- selectDate -->
        <test-method status="PASS" signature="selectTravellerAndClass()[pri:3, instance:com.FlightBookingSystem.BookFlightTicketScript@704a52ec]" name="selectTravellerAndClass" duration-ms="1567" started-at="2021-08-05T23:51:21 IST" finished-at="2021-08-05T23:51:22 IST">
          <reporter-output>
          </reporter-output>
        </test-method> <!-- selectTravellerAndClass -->
        <test-method status="PASS" signature="validatesearchResult()[pri:4, instance:com.FlightBookingSystem.BookFlightTicketScript@704a52ec]" name="validatesearchResult" duration-ms="31245" started-at="2021-08-05T23:51:22 IST" finished-at="2021-08-05T23:51:54 IST">
          <reporter-output>
          </reporter-output>
        </test-method> <!-- validatesearchResult -->
        <test-method status="PASS" signature="setPriceAndAirlineinExcel()[pri:5, instance:com.FlightBookingSystem.BookFlightTicketScript@704a52ec]" name="setPriceAndAirlineinExcel" duration-ms="5332" started-at="2021-08-05T23:51:54 IST" finished-at="2021-08-05T23:51:59 IST">
          <reporter-output>
          </reporter-output>
        </test-method> <!-- setPriceAndAirlineinExcel -->
        <test-method status="PASS" signature="moveSlider()[pri:6, instance:com.FlightBookingSystem.BookFlightTicketScript@704a52ec]" name="moveSlider" duration-ms="2858" started-at="2021-08-05T23:51:59 IST" finished-at="2021-08-05T23:52:02 IST">
          <reporter-output>
          </reporter-output>
        </test-method> <!-- moveSlider -->
        <test-method status="PASS" signature="closeBrowser()[pri:0, instance:com.FlightBookingSystem.BookFlightTicketScript@704a52ec]" name="closeBrowser" is-config="true" duration-ms="263" started-at="2021-08-05T23:52:02 IST" finished-at="2021-08-05T23:52:02 IST">
          <reporter-output>
          </reporter-output>
        </test-method> <!-- closeBrowser -->
      </class> <!-- com.FlightBookingSystem.BookFlightTicketScript -->
    </test> <!-- Default test -->
  </suite> <!-- Default suite -->
</testng-results>
